<?xml version="1.0" encoding="UTF-8"?>
<!-- Generated by org.testng.reporters.JUnitXMLReporter -->
<testsuite ignored="0" hostname="LAPTOP-EGPSQIKQ" failures="0" tests="5" name="Default test" time="54.135" errors="0" timestamp="2022-11-18T15:02:55 IST">
  <testcase classname="new_commercial.DataProvider" name="logintest" time="22.3"/>
  <testcase classname="new_commercial.DataProvider" name="logintest" time="3.669"/>
  <testcase classname="new_commercial.DataProvider" name="logintest" time="5.313"/>
  <testcase classname="new_commercial.DataProvider" name="logintest" time="9.981"/>
  <testcase classname="new_commercial.DataProvider" name="logintest" time="9.287"/>
</testsuite> <!-- Default test -->
