<?xml version="1.0" encoding="UTF-8"?>
<!-- Generated by org.testng.reporters.JUnitXMLReporter -->
<testsuite ignored="0" hostname="LAPTOP-EGPSQIKQ" failures="0" tests="6" name="Default test" time="118.147" errors="0" timestamp="2022-11-18T12:10:58 IST">
  <testcase classname="new_commercial.testing" name="login" time="23.38"/>
  <testcase classname="new_commercial.testing" name="login" time="17.78"/>
  <testcase classname="new_commercial.testing" name="login" time="17.708"/>
  <testcase classname="new_commercial.testing" name="login" time="17.711"/>
  <testcase classname="new_commercial.testing" name="login" time="17.813"/>
  <testcase classname="new_commercial.testing" name="login" time="18.219"/>
</testsuite> <!-- Default test -->
