<?xml version="1.0" encoding="UTF-8"?>
<testng-results ignored="0" total="5" passed="5" failed="0" skipped="0">
  <reporter-output>
  </reporter-output>
  <suite started-at="2022-11-18T15:02:00 IST" name="Default suite" finished-at="2022-11-18T15:02:55 IST" duration-ms="54135">
    <groups>
    </groups>
    <test started-at="2022-11-18T15:02:00 IST" name="Default test" finished-at="2022-11-18T15:02:55 IST" duration-ms="54135">
      <class name="new_commercial.DataProvider">
        <test-method is-config="true" signature="setup()[pri:0, instance:new_commercial.DataProvider@7cc0cdad]" started-at="2022-11-18T15:02:00 IST" name="setup" finished-at="2022-11-18T15:02:03 IST" duration-ms="2423" status="PASS">
          <reporter-output>
          </reporter-output>
        </test-method> <!-- setup -->
        <test-method signature="logintest(java.lang.String,java.lang.String,java.lang.String)[pri:0, instance:new_commercial.DataProvider@7cc0cdad]" started-at="2022-11-18T15:02:04 IST" name="logintest" data-provider="logindata" finished-at="2022-11-18T15:02:26 IST" duration-ms="22300" status="PASS">
          <params>
            <param index="0">
              <value>
                <![CDATA[Admin]]>
              </value>
            </param>
            <param index="1">
              <value>
                <![CDATA[admin123]]>
              </value>
            </param>
            <param index="2">
              <value>
                <![CDATA[valid]]>
              </value>
            </param>
          </params>
          <reporter-output>
          </reporter-output>
        </test-method> <!-- logintest -->
        <test-method signature="logintest(java.lang.String,java.lang.String,java.lang.String)[pri:0, instance:new_commercial.DataProvider@7cc0cdad]" started-at="2022-11-18T15:02:26 IST" name="logintest" data-provider="logindata" finished-at="2022-11-18T15:02:30 IST" duration-ms="3669" status="PASS">
          <params>
            <param index="0">
              <value>
                <![CDATA[Admin]]>
              </value>
            </param>
            <param index="1">
              <value>
                <![CDATA[admin12]]>
              </value>
            </param>
            <param index="2">
              <value>
                <![CDATA[Invalid]]>
              </value>
            </param>
          </params>
          <reporter-output>
          </reporter-output>
        </test-method> <!-- logintest -->
        <test-method signature="logintest(java.lang.String,java.lang.String,java.lang.String)[pri:0, instance:new_commercial.DataProvider@7cc0cdad]" started-at="2022-11-18T15:02:30 IST" name="logintest" data-provider="logindata" finished-at="2022-11-18T15:02:35 IST" duration-ms="5313" status="PASS">
          <params>
            <param index="0">
              <value>
                <![CDATA[Admin]]>
              </value>
            </param>
            <param index="1">
              <value>
                <![CDATA[admin1]]>
              </value>
            </param>
            <param index="2">
              <value>
                <![CDATA[Invalid]]>
              </value>
            </param>
          </params>
          <reporter-output>
          </reporter-output>
        </test-method> <!-- logintest -->
        <test-method signature="logintest(java.lang.String,java.lang.String,java.lang.String)[pri:0, instance:new_commercial.DataProvider@7cc0cdad]" started-at="2022-11-18T15:02:35 IST" name="logintest" data-provider="logindata" finished-at="2022-11-18T15:02:45 IST" duration-ms="9981" status="PASS">
          <params>
            <param index="0">
              <value>
                <![CDATA[Admin]]>
              </value>
            </param>
            <param index="1">
              <value>
                <![CDATA[admin123]]>
              </value>
            </param>
            <param index="2">
              <value>
                <![CDATA[valid]]>
              </value>
            </param>
          </params>
          <reporter-output>
          </reporter-output>
        </test-method> <!-- logintest -->
        <test-method signature="logintest(java.lang.String,java.lang.String,java.lang.String)[pri:0, instance:new_commercial.DataProvider@7cc0cdad]" started-at="2022-11-18T15:02:45 IST" name="logintest" data-provider="logindata" finished-at="2022-11-18T15:02:55 IST" duration-ms="9287" status="PASS">
          <params>
            <param index="0">
              <value>
                <![CDATA[Admin]]>
              </value>
            </param>
            <param index="1">
              <value>
                <![CDATA[admin123]]>
              </value>
            </param>
            <param index="2">
              <value>
                <![CDATA[valid]]>
              </value>
            </param>
          </params>
          <reporter-output>
          </reporter-output>
        </test-method> <!-- logintest -->
      </class> <!-- new_commercial.DataProvider -->
    </test> <!-- Default test -->
  </suite> <!-- Default suite -->
</testng-results>
